<?xml version="1.0" encoding="UTF-8"?>
<testng-results skipped="0" failed="0" ignored="0" total="1" passed="1">
  <reporter-output>
  </reporter-output>
  <suite name="Default suite" duration-ms="1584" started-at="2020-02-06T18:35:41Z" finished-at="2020-02-06T18:35:43Z">
    <groups>
    </groups>
    <test name="Default test" duration-ms="1584" started-at="2020-02-06T18:35:41Z" finished-at="2020-02-06T18:35:43Z">
      <class name="getMethods.SimpleGet">
        <test-method status="PASS" signature="getCurrentWeather()[pri:0, instance:getMethods.SimpleGet@224edc67]" name="getCurrentWeather" duration-ms="1555" started-at="2020-02-06T18:35:41Z" finished-at="2020-02-06T18:35:43Z">
          <reporter-output>
          </reporter-output>
        </test-method> <!-- getCurrentWeather -->
      </class> <!-- getMethods.SimpleGet -->
    </test> <!-- Default test -->
  </suite> <!-- Default suite -->
</testng-results>
